sh: 0: cannot open sleepwell_fk.sh: No such file
sh: 0: cannot open tryyyy_fk_fk.sh: No such file
sh: 0: cannot open trr_fk.sh: No such file
sh: 0: cannot open ambrane_10000_fk.sh_fk.sh: No such file
sh: 0: cannot open mototv55_fk_fk.sh: No such file
sh: 0: cannot open https://www.flipkart.com/urbn-20000-mah-22-5-w-nano-pocket-size-power-bank/p/itm95409896bad8b?pid=PWBGWKCMHZXPJYKX_fk.sh: No such file
sh: 0: cannot open https://www.flipkart.com/urbn-20000-mah-22-5-w-nano-pocket-size-power-bank/p/itmf376e49b15a09?pid=PWBGWKCM53J55CTH_fk.sh: No such file
sh: 0: cannot open https://www.flipkart.com/boat-20000-mah-22-5-w-power-bank/p/itmb6c0559ccdab6?pid=PWBGR4KGUMSZQMFZ_fk.sh: No such file
sh: 0: cannot open https://www.flipkart.com/boat-10000-mah-22-5-w-power-bank/p/itm82e8a7e5a193f?pid=PWBGR4KGJKVFDZAE_fk.sh: No such file
sh: 0: cannot open https://www.flipkart.com/mi-20000-mah-33-w-power-bank/p/itm4c5cb9edfd200?pid=PWBH3VWYZDWTYBYS_fk.sh: No such file
sh: 0: cannot open https://www.flipkart.com/boat-20000-mah-22-5-w-power-bank/p/itmb6c0559ccdab6?pid=PWBGVJFPSNYFD72B_fk.sh: No such file
sh: 0: cannot open https://www.flipkart.com/amytel-10000-mah-25-w-mini-pocket-size-power-bank/p/itme4d86be8d6296?pid=PWBH49W4JCHNJTCR_fk.sh: No such file
sh: 0: cannot open https://www.flipkart.com/ambrane-10000-mah-12-w-compact-pocket-size-power-bank/p/itma5c9f335f93fd?pid=PWBFNHZD4D8ZTHZM_fk.sh: No such file
sh: 0: cannot open https://www.flipkart.com/intex-10000-mah-12-w-power-bank/p/itma06e5ca41fd11?pid=PWBGZWNAFFQ6EYXF_fk.sh: No such file
sh: 0: cannot open https://www.flipkart.com/urbn-20000-mah-12-w-pocket-size-power-bank/p/itm0ab4f859b6e94?pid=PWBGWKCM73YHHECV_fk.sh: No such file
sh: 0: cannot open https://www.flipkart.com/ambrane-10000-mah-22-5-w-wireless-magsafe-power-bank/p/itmcfbef08c95b54?pid=PWBH2Y8YP8FQDHUG_fk.sh: No such file
sh: 0: cannot open https://www.flipkart.com/boat-20000-mah-22-5-w-pocket-size-power-bank/p/itm975222acf5e94?pid=PWBH47ZDGBRGFD52_fk.sh: No such file
sh: 0: cannot open https://www.flipkart.com/mimo-binori-10000-mah-8-w-power-bank/p/itm8994f4ec60ad2?pid=PWBH2B7MZTHR7HJQ_fk.sh: No such file
sh: 0: cannot open https://www.flipkart.com/urbn-10000-mah-12-w-power-bank/p/itmd7dfaf4999848?pid=PWBGXG96R8JMB5YJ_fk.sh: No such file
sh: 0: cannot open https://www.flipkart.com/ambrane-10000-mah-12-w-compact-pocket-size-power-bank/p/itmfgysrrxhrggnv?pid=PWBFGYHFCUTJGUQD_fk.sh: No such file
sh: 0: cannot open https://www.flipkart.com/mi-10000-mah-22-5-w-power-bank/p/itmcc5abfaebeba7?pid=PWBH2GGFDGURFAK9_fk.sh: No such file
sh: 0: cannot open https://www.flipkart.com/boat-10000-mah-22-5-w-power-bank/p/itm82e8a7e5a193f?pid=PWBGR4KGPGR78CWA_fk.sh: No such file
sh: 0: cannot open https://www.flipkart.com/boult-20000-mah-22-5-w-power-bank/p/itm63ba73dc4c2a8?pid=PWBH47Z6SGUT2MPU_fk.sh: No such file
sh: 0: cannot open https://www.flipkart.com/urbn-10000-mah-15-w-power-bank/p/itmc1103ff0c4e10?pid=PWBH2TNZEGBT9869_fk.sh: No such file
sh: 0: cannot open https://www.flipkart.com/binori-50000-mah-22-5-w-compact-pocket-size-power-bank/p/itm5caccbe8883a2?pid=PWBH2GUFTT74NX9N_fk.sh: No such file
sh: 0: cannot open https://www.flipkart.com/urbn-10000-mah-12-w-power-bank/p/itmcc0bbe5aefc0a?pid=PWBGXG96TMWWGTSJ_fk.sh: No such file
sh: 0: cannot open https://www.flipkart.com/portronics-10000-mah-22-5-w-wireless-power-bank/p/itm3d4d5d0f35ecc?pid=PWBGXFY9GTY2V8WU_fk.sh: No such file
sh: 0: cannot open https://www.flipkart.com/mi-10000-mah-22-5-w-power-bank/p/itmcc5abfaebeba7?pid=PWBH2GHHHZZB4D3U_fk.sh: No such file
sh: 0: cannot open https://www.flipkart.com/callmate-10000-mah-15-w-power-bank/p/itmcf405aedc6f51?pid=PWBGFJGA6KN2CUBJ_fk.sh: No such file
sh: 0: cannot open https://www.flipkart.com/mi-20000-mah-18-w-power-bank/p/itm2641ddefea058?pid=PWBFVGXXFGEBYRF5_fk.sh: No such file
sh: 0: cannot open https://www.flipkart.com/triggr-10000-mah-22-5-w-pocket-size-power-bank/p/itmf63fbc7d0cf01?pid=PWBH3VUYEUPHHHKZ_fk.sh: No such file
sh: 0: cannot open https://www.flipkart.com/urbn-20000-mah-22-5-w-power-bank/p/itm1e8f43e4faf35?pid=PWBH7E3MHGD8UHSF_fk.sh: No such file
sh: 0: cannot open https://www.flipkart.com/ambrane-20000-mah-22-5-w-power-bank/p/itme7c0038fcb534?pid=PWBGY5YNJNR38ZFE_fk.sh: No such file
sh: 0: cannot open https://www.flipkart.com/mi-10000-mah-22-5-w-compact-pocket-size-power-bank/p/itm4742eecbaf5c9?pid=PWBH2GGF6Y7YKFTB_fk.sh: No such file
sh: 0: cannot open https://www.flipkart.com/fahig-20000-mah-5-w-compact-power-bank/p/itm2239e01d1f067?pid=PWBH8QYRFMNWHN6K_fk.sh: No such file
sh: 0: cannot open https://www.flipkart.com/ocean-mate-15000-mah-22-w-mini-pocket-size-power-bank/p/itm1a0bc7c4c9ef1?pid=PWBH78HH3PMBFEMC_fk.sh: No such file
sh: 0: cannot open https://www.flipkart.com/ambrane-10000-mah-22-5-w-power-bank/p/itm999267c9245d9?pid=PWBGY5ZD6TZYHZ2E_fk.sh: No such file
sh: 0: cannot open https://www.flipkart.com/binori-12000-mah-8-w-compact-pocket-size-power-bank/p/itm853475535bf80?pid=PWBH4WHYQ4D4ZM4E_fk.sh: No such file
sh: 0: cannot open https://www.flipkart.com/binori-6000-mah-11-w-magsafe-compact-pocket-size-power-bank/p/itme0f912e23a1b9?pid=PWBH6GCGHJPJG6YZ_fk.sh: No such file
sh: 0: cannot open https://www.flipkart.com/boat-20000-mah-22-5-w-power-bank/p/itmb6c0559ccdab6?pid=PWBGR4KGHXQCZVSQ_fk.sh: No such file
sh: 0: cannot open https://www.flipkart.com/triggr-10000-mah-22-5-w-pocket-size-power-bank/p/itm5979d9ce6cf84?pid=PWBH3VUYHNBF9V6G_fk.sh: No such file
sh: 0: cannot open https://www.flipkart.com/ambrane-10000-mah-22-5-w-mini-power-bank/p/itm3c8d715d5d655?pid=PWBGXQGGR7NTQFNP_fk.sh: No such file
sh: 0: cannot open https://www.flipkart.com/urbn-20000-mah-22-5-w-power-bank/p/itmfb13faebf0255?pid=PWBH7E3MGYPUNDZV_fk.sh: No such file
sh: 0: cannot open https://www.flipkart.com/boat-10000-mah-22-5-w-power-bank/p/itm82e8a7e5a193f?pid=PWBGVJFP5UFZKYWZ_fk.sh: No such file
sh: 0: cannot open https://www.flipkart.com/flipkart-smartbuy-10000-mah-12-w-power-bank/p/itm2ec50a27153ad?pid=PWBGQHPFQTSDVBCV_fk.sh: No such file
sh: 0: cannot open https://www.flipkart.com/urbn-20000-mah-22-5-w-nano-pocket-size-power-bank/p/itm95409896bad8b?pid=PWBGWKCMHZXPJYKX_fk.sh: No such file
sh: 0: cannot open https://www.flipkart.com/urbn-20000-mah-22-5-w-nano-pocket-size-power-bank/p/itmf376e49b15a09?pid=PWBGWKCM53J55CTH_fk.sh: No such file
sh: 0: cannot open https://www.flipkart.com/boat-20000-mah-22-5-w-power-bank/p/itmb6c0559ccdab6?pid=PWBGR4KGUMSZQMFZ_fk.sh: No such file
sh: 0: cannot open https://www.flipkart.com/boat-10000-mah-22-5-w-power-bank/p/itm82e8a7e5a193f?pid=PWBGR4KGJKVFDZAE_fk.sh: No such file
sh: 0: cannot open https://www.flipkart.com/mi-20000-mah-33-w-power-bank/p/itm4c5cb9edfd200?pid=PWBH3VWYZDWTYBYS_fk.sh: No such file
sh: 0: cannot open https://www.flipkart.com/boat-20000-mah-22-5-w-power-bank/p/itmb6c0559ccdab6?pid=PWBGVJFPSNYFD72B_fk.sh: No such file
sh: 0: cannot open https://www.flipkart.com/amytel-10000-mah-25-w-mini-pocket-size-power-bank/p/itme4d86be8d6296?pid=PWBH49W4JCHNJTCR_fk.sh: No such file
sh: 0: cannot open https://www.flipkart.com/ambrane-10000-mah-12-w-compact-pocket-size-power-bank/p/itma5c9f335f93fd?pid=PWBFNHZD4D8ZTHZM_fk.sh: No such file
sh: 0: cannot open https://www.flipkart.com/intex-10000-mah-12-w-power-bank/p/itma06e5ca41fd11?pid=PWBGZWNAFFQ6EYXF_fk.sh: No such file
sh: 0: cannot open https://www.flipkart.com/boat-10000-mah-22-5-w-power-bank/p/itm82e8a7e5a193f?pid=PWBGVJFP5UFZKYWZ_fk.sh: No such file
sh: 0: cannot open https://www.flipkart.com/boat-10000-mah-22-5-w-power-bank/p/itm82e8a7e5a193f?pid=PWBGVJFP5UFZKYWZ_fk.sh: No such file
sh: 0: cannot open https://www.flipkart.com/boat-10000-mah-22-5-w-power-bank/p/itm82e8a7e5a193f?pid=PWBGVJFP5UFZKYWZ_fk.sh: No such file
sh: 0: cannot open _ajio_374.sh: No such file
sh: 0: cannot open snitch-lightly-washed-baggy-relaxed-fit-jeans_ajio_387.sh: No such file
sh: 0: cannot open lenovo-l-series-60-96-cm-24-inch-full-hd-led-backlit-ips-panel-99-srgb-4xusb-a-1xusb-type-c-1xhdmi-1-4-tilt-swivel-pivot-height-adjustable-stand-3wx2-inbuilt-speakers-customization-artery-smart-display-monitor-l24m-4a_fk_840.sh: No such file
